2025-09-22 08:29:09,123 - INFO - Logging ETL pipeline Mini Project started
2025-09-22 08:29:09,139 - INFO - Extract successful
2025-09-22 08:29:09,145 - INFO - Transform successful
2025-09-22 08:29:09,228 - INFO - Load successful
2025-09-22 08:29:09,229 - INFO - Running Soda scan...
2025-09-22 08:29:13,078 - INFO - [08:29:11] Soda Core 3.5.5
[08:29:11] Scan summary:
[08:29:11] 6/6 checks PASSED: 
[08:29:11]     customers in postgres_db
[08:29:11]       row_count > 0 [PASSED]
[08:29:11]       missing_count(email) = 0 [PASSED]
[08:29:11]       duplicate_count(customer_id) = 0 [PASSED]
[08:29:11]     orders in postgres_db
[08:29:11]       row_count > 0 [PASSED]
[08:29:11]       missing_count(customer_id) = 0 [PASSED]
[08:29:11]       duplicate_count(order_id) = 0 [PASSED]
[08:29:11] All is good. No failures. No warnings. No errors.

2025-09-22 08:29:13,079 - ERROR - 
2025-09-22 08:29:13,080 - INFO -  Data quality checks passed
2025-09-22 08:29:13,080 - INFO - ETL pipeline with data quality checks completed successfully
